#
# A fatal error has been detected by the Java Runtime Environment:
#
#  SIGBUS (0xa) at pc=0x00007fff8ee0d0a9, pid=98358, tid=56835
#
# JRE version: 7.0_09-b05
# Java VM: Java HotSpot(TM) 64-Bit Server VM (23.5-b02 mixed mode bsd-amd64 compressed oops)
# Problematic frame:
# C  [libsystem_platform.dylib+0x40a9]  _platform_memmove$VARIANT$Nehalem+0xc9
#
# Failed to write core dump. Core dumps have been disabled. To enable core dumping, try "ulimit -c unlimited" before starting Java again
#
# If you would like to submit a bug report, please visit:
#   http://bugreport.sun.com/bugreport/crash.jsp
# The crash happened outside the Java Virtual Machine in native code.
# See problematic frame for where to report the bug.
#

---------------  T H R E A D  ---------------

Current thread (0x00007fb978cc2000):  JavaThread "Thread-13" [_thread_in_native, id=56835, stack(0x000000013f411000,0x000000013f511000)]

siginfo:si_signo=SIGBUS: si_errno=0, si_code=2 (BUS_ADRERR), si_addr=0x000000013b304000

Registers:
RAX=0x00007fb95d981a02, RBX=0x000000013b2fb669, RCX=0x000000000000000e, RDX=0x0000000000001859
RSP=0x000000013f50e320, RBP=0x000000013f50e320, RSI=0x000000013b303fd4, RDI=0x00007fb95d9830d0
R8 =0x00007fb95da57c00, R9 =0x0000000000000004, R10=0x0000000000000800, R11=0x00007fb82267f0fc
R12=0x0000000041ed0010, R13=0x00000000656d6d6f, R14=0x0000000000000302, R15=0x0000000000002f67
RIP=0x00007fff8ee0d0a9, EFLAGS=0x0000000000010202, ERR=0x0000000000000004
  TRAPNO=0x000000000000000e

Top of Stack: (sp=0x000000013f50e320)
0x000000013f50e320:   000000013f50e390 0000000101fde324
0x000000013f50e330:   0000006700000013 000000000000002f
0x000000013f50e340:   0000000000007262 00007fb96e8f5c00
0x000000013f50e350:   000000000000726f 00007fb96e4f5160
0x000000013f50e360:   00007fb96e575e50 00000000e0fb7165
0x000000013f50e370:   000000000000001e 00007fb96eb9f000
0x000000013f50e380:   00007fb96e4f5160 000000000000000a
0x000000013f50e390:   000000013f50e3e0 0000000101fde7d0
0x000000013f50e3a0:   000000000000001a 0000001a78cc2000
0x000000013f50e3b0:   000000013f50e3fe 000000013f50e848
0x000000013f50e3c0:   000000000000001a 000000013f50e3fe
0x000000013f50e3d0:   00007fb96e4f5160 00007fb978cc21d8
0x000000013f50e3e0:   000000013f50e830 0000000101fdd62a
0x000000013f50e3f0:   0000000000000000 726f7fb900000001
0x000000013f50e400:   6c64616f72622f67 656d6d6f63666165
0x000000013f50e410:   2f736d632f656372 0000000101695600
0x000000013f50e420:   00007fb95bf2ee68 00007fb978cc2000
0x000000013f50e430:   00007fb95bf2ee70 00007fb978cc21d8
0x000000013f50e440:   000000013f50e880 000000010036e440
0x000000013f50e450:   000000013f50e4f0 000000013f50e7c8
0x000000013f50e460:   000000000000000c 000000013f50e7c0
0x000000013f50e470:   00007fb978cc2000 0000000000000002
0x000000013f50e480:   000000013f50e560 0000000101688973
0x000000013f50e490:   2f736d6300000002 00007fb978cc2000
0x000000013f50e4a0:   000000013f50e7c8 0100000000000000
0x000000013f50e4b0:   000000010201c660 000000013f50e5b8
0x000000013f50e4c0:   00007fb978cc2000 00007fb95f118360
0x000000013f50e4d0:   00007fb95f1ca240 00007fb95f1ca288
0x000000013f50e4e0:   00007fb95f1ca628 000000013f510b30
0x000000013f50e4f0:   00007fb978cc2000 00007fb95bf2ee60
0x000000013f50e500:   00000001050c7278 000000012f6643c8
0x000000013f50e510:   000000013f50f0d0 0000000101ffbd85 

Instructions: (pc=0x00007fff8ee0d0a9)
0x00007fff8ee0d089:   0f 00 00 00 74 31 0f 29 0f 0f 29 57 10 0f 29 5f
0x00007fff8ee0d099:   20 0f 29 67 30 48 83 c7 40 0f 10 0e 0f 10 56 10
0x00007fff8ee0d0a9:   0f 10 5e 20 0f 10 66 30 48 83 c6 40 48 83 ea 40
0x00007fff8ee0d0b9:   77 d4 eb 33 0f 1f 00 0f 29 0f 0f 29 57 10 0f 29 

Register to memory mapping:

RAX=0x00007fb95d981a02 is an unknown value
RBX=0x000000013b2fb669 is an unknown value
RCX=0x000000000000000e is an unknown value
RDX=0x0000000000001859 is an unknown value
RSP=0x000000013f50e320 is pointing into the stack for thread: 0x00007fb978cc2000
RBP=0x000000013f50e320 is pointing into the stack for thread: 0x00007fb978cc2000
RSI=0x000000013b303fd4 is an unknown value
RDI=0x00007fb95d9830d0 is an unknown value
R8 =0x00007fb95da57c00 is an unknown value
R9 =0x0000000000000004 is an unknown value
R10=0x0000000000000800 is an unknown value
R11=0x00007fb82267f0fc is an unknown value
R12=0x0000000041ed0010 is an unknown value
R13=0x00000000656d6d6f is an unknown value
R14=0x0000000000000302 is an unknown value
R15=0x0000000000002f67 is an unknown value


Stack: [0x000000013f411000,0x000000013f511000],  sp=0x000000013f50e320,  free space=1012k
Native frames: (J=compiled Java code, j=interpreted, Vv=VM code, C=native code)
C  [libsystem_platform.dylib+0x40a9]  _platform_memmove$VARIANT$Nehalem+0xc9
C  [libzip.dylib+0x3324]  newEntry+0x31a
C  [libzip.dylib+0x37d0]  ZIP_GetEntry+0xa2
C  [libzip.dylib+0x262a]  Java_java_util_zip_ZipFile_getEntry+0xdd
J  java.util.zip.ZipFile.getEntry(J[BZ)J

Java frames: (J=compiled Java code, j=interpreted, Vv=VM code)
J  java.util.zip.ZipFile.getEntry(J[BZ)J
J  java.util.jar.JarFile.getEntry(Ljava/lang/String;)Ljava/util/zip/ZipEntry;
J  sun.misc.URLClassPath$1.next()Z
j  sun.misc.URLClassPath$1.hasMoreElements()Z+1
j  java.net.URLClassLoader$3$1.run()Ljava/net/URL;+7
j  java.net.URLClassLoader$3$1.run()Ljava/lang/Object;+1
v  ~StubRoutines::call_stub
J  java.security.AccessController.doPrivileged(Ljava/security/PrivilegedAction;Ljava/security/AccessControlContext;)Ljava/lang/Object;
j  java.net.URLClassLoader$3.next()Z+24
j  java.net.URLClassLoader$3.hasMoreElements()Z+1
j  org.zeroturnaround.javarebel.integration.util.ResourceUtil.findResources(Ljava/net/URLClassLoader;Ljava/lang/String;)[Ljava/net/URL;+24
j  com.zeroturnaround.javarebel.xA.getLocalResources(Ljava/lang/String;)[Lorg/zeroturnaround/javarebel/Resource;+5
j  com.zeroturnaround.javarebel.xP.getLocalResources(Ljava/lang/String;)[Lorg/zeroturnaround/javarebel/Resource;+8
j  com.zeroturnaround.javarebel.xI.getLocalResources(Ljava/lang/String;)[Lorg/zeroturnaround/javarebel/Resource;+46
j  com.zeroturnaround.javarebel.wT.a(Ljava/lang/String;)[Lorg/zeroturnaround/javarebel/Resource;+36
j  com.zeroturnaround.javarebel.wT.a(Ljava/lang/String;)Ljava/util/Enumeration;+42
J  java.net.URLClassLoader.findResources(Ljava/lang/String;)Ljava/util/Enumeration;
j  org.eclipse.jetty.webapp.WebAppClassLoader.getResources(Ljava/lang/String;)Ljava/util/Enumeration;+65
j  org.springframework.core.io.support.PathMatchingResourcePatternResolver.findAllClassPathResources(Ljava/lang/String;)[Lorg/springframework/core/io/Resource;+22
j  org.springframework.core.io.support.PathMatchingResourcePatternResolver.getResources(Ljava/lang/String;)[Lorg/springframework/core/io/Resource;+52
j  org.springframework.core.io.support.PathMatchingResourcePatternResolver.findPathMatchingResources(Ljava/lang/String;)[Lorg/springframework/core/io/Resource;+37
j  org.springframework.core.io.support.PathMatchingResourcePatternResolver.getResources(Ljava/lang/String;)[Lorg/springframework/core/io/Resource;+38
j  org.springframework.context.support.AbstractApplicationContext.getResources(Ljava/lang/String;)[Lorg/springframework/core/io/Resource;+5
j  org.broadleafcommerce.common.web.extensibility.MergeXmlWebApplicationContext.getResources(Ljava/lang/String;)[Lorg/springframework/core/io/Resource;+15
j  org.springframework.context.annotation.ClassPathScanningCandidateComponentProvider.findCandidateComponents(Ljava/lang/String;)Ljava/util/Set;+49
j  org.springframework.context.annotation.ClassPathBeanDefinitionScanner.doScan([Ljava/lang/String;)Ljava/util/Set;+39
j  org.springframework.context.annotation.ComponentScanBeanDefinitionParser.reparse(Lorg/w3c/dom/Element;Lorg/springframework/beans/factory/xml/ParserContext;)Lorg/springframework/beans/factory/config/BeanDefinition;+31
j  org.zeroturnaround.javarebel.integration.spring.annotations.ComponentScannerXml.scan()V+42
j  org.zeroturnaround.javarebel.integration.spring.beans.BeansRescanner.doRescan(Lorg/springframework/beans/JrDefaultListableBeanFactory;)V+49
j  org.zeroturnaround.javarebel.integration.spring.beans.BeansRescanner.rescan(Lorg/springframework/beans/JrDefaultListableBeanFactory;)V+51
j  org.zeroturnaround.javarebel.integration.spring.beans.BeansRescanner.checkRescan(Lorg/springframework/beans/factory/config/ConfigurableListableBeanFactory;)V+46
J  org.springframework.beans.JrBeanReloader.reloadBeanDefinitionsInternal()V
j  org.springframework.beans.JrBeanReloader.reloadBeanDefinitions()V+27
J  org.springframework.beans.JrBeanReloader.checkAndReloadBeanDefinitions(Ljava/lang/Object;)V
j  org.springframework.beans.factory.support.DefaultListableBeanFactory.getBeanDefinitionNames()[Ljava/lang/String;+8
J  org.springframework.beans.factory.support.DefaultListableBeanFactory.doGetBeanNamesForType(Ljava/lang/Class;ZZ)[Ljava/lang/String;
j  org.springframework.beans.factory.support.DefaultListableBeanFactory.getBeanNamesForType(Ljava/lang/Class;ZZ)[Ljava/lang/String;+19
j  org.springframework.context.support.DefaultLifecycleProcessor.getLifecycleBeans()Ljava/util/Map;+17
j  org.springframework.context.support.DefaultLifecycleProcessor.stopBeans()V+1
j  org.springframework.context.support.DefaultLifecycleProcessor.onClose()V+1
j  org.springframework.context.support.AbstractApplicationContext.doClose()V+124
j  org.broadleafcommerce.common.web.extensibility.MergeXmlWebApplicationContext.doClose()V+77
j  org.springframework.context.support.AbstractApplicationContext.close()V+8
j  org.broadleafcommerce.common.web.extensibility.MergeXmlWebApplicationContext.close()V+13
j  org.springframework.web.context.ContextLoader.closeWebApplicationContext(Ljavax/servlet/ServletContext;)V+25
j  org.broadleafcommerce.common.web.extensibility.MergeContextLoader.closeWebApplicationContext(Ljavax/servlet/ServletContext;)V+15
j  org.springframework.web.context.ContextLoaderListener.contextDestroyed(Ljavax/servlet/ServletContextEvent;)V+15
j  org.broadleafcommerce.common.web.extensibility.MergeContextLoaderListener.contextDestroyed(Ljavax/servlet/ServletContextEvent;)V+15
j  org.eclipse.jetty.server.handler.ContextHandler.doStop()V+125
j  org.eclipse.jetty.servlet.ServletContextHandler.doStop()V+1
j  org.eclipse.jetty.webapp.WebAppContext.doStop()V+1
j  org.mortbay.jetty.plugin.JettyWebAppContext.doStop()V+16
j  org.eclipse.jetty.util.component.AbstractLifeCycle.stop()V+30
j  org.eclipse.jetty.server.handler.HandlerCollection.doStop()V+47
j  org.eclipse.jetty.util.component.AbstractLifeCycle.stop()V+30
j  org.eclipse.jetty.server.handler.HandlerCollection.doStop()V+47
j  org.eclipse.jetty.util.component.AbstractLifeCycle.stop()V+30
j  org.eclipse.jetty.server.handler.HandlerWrapper.doStop()V+11
j  org.eclipse.jetty.server.Server.doStop()V+201
j  org.eclipse.jetty.util.component.AbstractLifeCycle.stop()V+30
j  org.eclipse.jetty.util.thread.ShutdownThread.run()V+41
v  ~StubRoutines::call_stub

---------------  P R O C E S S  ---------------

Java Threads: ( => current thread )
  0x00007fb977986000 JavaThread "FSWatchShutdownOnTermination" daemon [_thread_blocked, id=59139, stack(0x000000013f514000,0x000000013f614000)]
  0x00007fb96dcd2000 JavaThread "SIGTERM handler" daemon [_thread_blocked, id=57859, stack(0x000000013f84f000,0x000000013f94f000)]
=>0x00007fb978cc2000 JavaThread "Thread-13" [_thread_in_native, id=56835, stack(0x000000013f411000,0x000000013f511000)]
  0x00007fb95c2ca000 JavaThread "SIGINT handler" daemon [_thread_blocked, id=56323, stack(0x000000013f20b000,0x000000013f30b000)]
  0x00007fb95da57000 JavaThread "qtp619173267-163" [_thread_blocked, id=56067, stack(0x000000013cf4a000,0x000000013d04a000)]
  0x00007fb96e8f5000 JavaThread "qtp619173267-162" [_thread_blocked, id=55811, stack(0x000000013e347000,0x000000013e447000)]
  0x00007fb95d828800 JavaThread "qtp619173267-160" [_thread_blocked, id=55299, stack(0x000000013eaf4000,0x000000013ebf4000)]
  0x00007fb95c8a8800 JavaThread "StopJettyPluginMonitor" daemon [_thread_in_native, id=31747, stack(0x000000013f108000,0x000000013f208000)]
  0x00007fb973809000 JavaThread "qtp619173267-70" [_thread_blocked, id=31491, stack(0x000000013f005000,0x000000013f105000)]
  0x00007fb973e25800 JavaThread "qtp619173267-69" [_thread_blocked, id=31235, stack(0x000000013ef02000,0x000000013f002000)]
  0x00007fb95d1da000 JavaThread "qtp619173267-68" [_thread_blocked, id=30979, stack(0x000000013edff000,0x000000013eeff000)]
  0x00007fb95d1d9800 JavaThread "qtp619173267-67" [_thread_blocked, id=30723, stack(0x000000013ecfc000,0x000000013edfc000)]
  0x00007fb970532000 JavaThread "qtp619173267-66" [_thread_blocked, id=30467, stack(0x000000013ebf9000,0x000000013ecf9000)]
  0x00007fb97769a000 JavaThread "qtp619173267-65" [_thread_blocked, id=30211, stack(0x000000013e9f1000,0x000000013eaf1000)]
  0x00007fb971ff7000 JavaThread "qtp619173267-64" [_thread_blocked, id=29955, stack(0x000000013e8ee000,0x000000013e9ee000)]
  0x00007fb97483f800 JavaThread "qtp619173267-63" [_thread_blocked, id=29699, stack(0x000000013c2fd000,0x000000013c3fd000)]
  0x00007fb95d943000 JavaThread "bl%0053and%0042ox%0045lements.data" [_thread_blocked, id=29443, stack(0x000000013d48c000,0x000000013d58c000)]
  0x00007fb95e046000 JavaThread "org%002ehibernate%002ecache%002espi%002e%0055pdate%0054imestamps%0043ache.data" [_thread_blocked, id=29187, stack(0x000000013cbdd000,0x000000013ccdd000)]
  0x00007fb974384000 JavaThread "bl%0043ategories.data" [_thread_blocked, id=28675, stack(0x000000013d1e8000,0x000000013d2e8000)]
  0x00007fb978776800 JavaThread "cms%0055rl%0048andler%0043ache.data" [_thread_blocked, id=28419, stack(0x000000013ca22000,0x000000013cb22000)]
  0x00007fb97745e800 JavaThread "bl%0049nventory%0045lements.data" [_thread_blocked, id=28163, stack(0x000000013c739000,0x000000013c839000)]
  0x00007fb97798a000 JavaThread "bl%0050roducts.data" [_thread_blocked, id=27907, stack(0x000000013c55a000,0x000000013c65a000)]
  0x00007fb9725a8000 JavaThread "bl%0053tandard%0045lements.data" [_thread_blocked, id=27651, stack(0x000000013e730000,0x000000013e830000)]
  0x00007fb974173000 JavaThread "org%002ehibernate%002ecache%002e%0055pdate%0054imestamps%0043ache.data" [_thread_blocked, id=27395, stack(0x000000013e62d000,0x000000013e72d000)]
  0x00007fb978829800 JavaThread "cms%0050age%0043ache.data" [_thread_blocked, id=27139, stack(0x000000013e52a000,0x000000013e62a000)]
  0x00007fb978128800 JavaThread "bl%004fffers.data" [_thread_blocked, id=26883, stack(0x000000013e244000,0x000000013e344000)]
  0x00007fb9773d4000 JavaThread "generated%0052esource%0043ache.data" [_thread_blocked, id=26627, stack(0x000000013e141000,0x000000013e241000)]
  0x00007fb978828800 JavaThread "bl%0054emplate%0045lements.data" [_thread_blocked, id=26371, stack(0x000000013e03e000,0x000000013e13e000)]
  0x00007fb9771ac000 JavaThread "Statistics Thread" daemon [_thread_blocked, id=26115, stack(0x000000013df3b000,0x000000013e03b000)]
  0x00007fb97793f800 JavaThread "bl%0043onfiguration%004dodule%0045lements.data" [_thread_blocked, id=25859, stack(0x000000013de38000,0x000000013df38000)]
  0x00007fb97793e800 JavaThread "Statistics Thread" daemon [_thread_blocked, id=25603, stack(0x000000013cd29000,0x000000013ce29000)]
  0x00007fb9723ed000 JavaThread "cms%0053tructured%0043ontent%0043ache.data" [_thread_blocked, id=25347, stack(0x000000013dd35000,0x000000013de35000)]
  0x00007fb978c77800 JavaThread "Statistics Thread" daemon [_thread_blocked, id=25091, stack(0x000000013dc32000,0x000000013dd32000)]
  0x00007fb971f1e000 JavaThread "Statistics Thread" daemon [_thread_blocked, id=24835, stack(0x000000013da97000,0x000000013db97000)]
  0x00007fb96f18c000 JavaThread "bl%004frder%0045lements.data" [_thread_blocked, id=24579, stack(0x000000013d994000,0x000000013da94000)]
  0x00007fb978ccf000 JavaThread "Statistics Thread" daemon [_thread_blocked, id=24323, stack(0x000000013d891000,0x000000013d991000)]
  0x00007fb9779a7800 JavaThread "bl%0043ustomer%0045lements.data" [_thread_blocked, id=24071, stack(0x000000013d705000,0x000000013d805000)]
  0x00007fb978b7c000 JavaThread "Statistics Thread" daemon [_thread_blocked, id=17671, stack(0x000000013d602000,0x000000013d702000)]
  0x00007fb9771bf000 JavaThread "bl%0054ranslation%0045lements.data" [_thread_blocked, id=23303, stack(0x000000013d389000,0x000000013d489000)]
  0x00007fb96f72b800 JavaThread "Statistics Thread" daemon [_thread_blocked, id=17159, stack(0x000000013d0e5000,0x000000013d1e5000)]
  0x00007fb96f18b800 JavaThread "bl%0043%004d%0053%0045lements.data" [_thread_blocked, id=17415, stack(0x000000013ce47000,0x000000013cf47000)]
  0x00007fb97783f800 JavaThread "Statistics Thread" daemon [_thread_blocked, id=23815, stack(0x000000013c1fa000,0x000000013c2fa000)]
  0x00007fb974510000 JavaThread "__DEFAULT__" daemon [_thread_blocked, id=23559, stack(0x000000013c91f000,0x000000013ca1f000)]
  0x00007fb96c822000 JavaThread "rebel-weak-reaper" daemon [_thread_blocked, id=21763, stack(0x000000013b15b000,0x000000013b25b000)]
  0x00007fb96c81e000 JavaThread "Service Thread" daemon [_thread_blocked, id=21251, stack(0x000000013aced000,0x000000013aded000)]
  0x00007fb96c81d000 JavaThread "C2 CompilerThread1" daemon [_thread_blocked, id=20995, stack(0x000000013abea000,0x000000013acea000)]
  0x00007fb96f060000 JavaThread "C2 CompilerThread0" daemon [_thread_blocked, id=20739, stack(0x000000013aae7000,0x000000013abe7000)]
  0x00007fb96c80c800 JavaThread "JDWP Event Helper Thread" daemon [_thread_blocked, id=20483, stack(0x000000013a9e4000,0x000000013aae4000)]
  0x00007fb96f05f000 JavaThread "JDWP Transport Listener: dt_socket" daemon [_thread_in_native, id=20227, stack(0x000000013a8e1000,0x000000013a9e1000)]
  0x00007fb96c80c000 JavaThread "rebel-debugger-thread" daemon [_thread_blocked, id=19971, stack(0x000000013a7d8000,0x000000013a8d8000)]
  0x00007fb96f05e800 JavaThread "rebel-heartbeat-thread" daemon [_thread_blocked, id=19715, stack(0x000000013a6d5000,0x000000013a7d5000)]
  0x00007fb96e901000 JavaThread "rebel-redeploy-thread" daemon [_thread_blocked, id=19203, stack(0x000000013a4cf000,0x000000013a5cf000)]
  0x00007fb96e8e7800 JavaThread "Thread-5" daemon [_thread_blocked, id=18947, stack(0x000000013a3c4000,0x000000013a4c4000)]
  0x00007fb96c00d000 JavaThread "process reaper" daemon [_thread_blocked, id=17927, stack(0x000000013a081000,0x000000013a0a9000)]
  0x00007fb96e80f000 JavaThread "Signal Dispatcher" daemon [_thread_blocked, id=16643, stack(0x0000000139cca000,0x0000000139dca000)]
  0x00007fb96d065800 JavaThread "Finalizer" daemon [_thread_blocked, id=11779, stack(0x0000000139a85000,0x0000000139b85000)]
  0x00007fb96e802000 JavaThread "Reference Handler" daemon [_thread_blocked, id=11523, stack(0x0000000139982000,0x0000000139a82000)]
  0x00007fb96d800800 JavaThread "main" [_thread_blocked, id=5891, stack(0x0000000101ea8000,0x0000000101fa8000)]

Other Threads:
  0x00007fb96d065000 VMThread [stack: 0x000000013987f000,0x000000013997f000] [id=11267]
  0x00007fb96c81e800 WatcherThread [stack: 0x000000013adf0000,0x000000013aef0000] [id=21507]

VM state:not at safepoint (normal execution)

VM Mutex/Monitor currently owned by a thread: None

Heap
 PSYoungGen      total 141824K, used 91101K [0x000000012a620000, 0x0000000134f40000, 0x00000001350c0000)
  eden space 123904K, 67% used [0x000000012a620000,0x000000012f7cf450,0x0000000131f20000)
  from space 17920K, 41% used [0x0000000131f20000,0x0000000132668000,0x00000001330a0000)
  to   space 17408K, 0% used [0x0000000133e40000,0x0000000133e40000,0x0000000134f40000)
 ParOldGen       total 297152K, used 249490K [0x00000001150c0000, 0x00000001272f0000, 0x000000012a620000)
  object space 297152K, 83% used [0x00000001150c0000,0x0000000124464a98,0x00000001272f0000)
 PSPermGen       total 166464K, used 106954K [0x00000001050c0000, 0x000000010f350000, 0x00000001150c0000)
  object space 166464K, 64% used [0x00000001050c0000,0x000000010b932a50,0x000000010f350000)

Card table byte_map: [0x00000001350c0000,0x0000000135241000] byte_map_base: 0x0000000134897a00

Polling page: 0x0000000100395000

Code Cache  [0x0000000101fe4000, 0x0000000103594000, 0x0000000104fe4000)
 total_blobs=5402 nmethods=4841 adapters=518 free_code_cache=27190Kb largest_free_block=27649152

Compilation events (10 events):
Event: 229850.787 Thread 0x00007fb96f060000 5440             com.zeroturnaround.javarebel.Bd::a (85 bytes)
Event: 229850.796 Thread 0x00007fb96f060000 nmethod 5440 0x0000000103574f50 code [0x0000000103575160, 0x0000000103575960]
Event: 229850.936 Thread 0x00007fb96c81d000 5441             org.apache.xerces.impl.XMLDocumentFragmentScannerImpl::scanCDATASection (457 bytes)
Event: 229850.958 Thread 0x00007fb96c81d000 nmethod 5441 0x000000010357ebd0 code [0x000000010357efc0, 0x0000000103580780]
Event: 229851.229 Thread 0x00007fb96f060000 5442   !         org.springframework.beans.JrBeanReloader::queueClassChanged (518 bytes)
Event: 229851.240 Thread 0x00007fb96c81d000 5443             org.springframework.beans.BeanMetadataAttributeAccessor::getAttribute (22 bytes)
Event: 229851.241 Thread 0x00007fb96c81d000 nmethod 5443 0x0000000103572e50 code [0x0000000103572fa0, 0x0000000103573068]
Event: 229851.255 Thread 0x00007fb96f060000 nmethod 5442 0x0000000103582390 code [0x0000000103582780, 0x0000000103584278]
Event: 229851.280 Thread 0x00007fb96c81d000  108 % !         java.lang.ref.Reference$ReferenceHandler::run @ 0 (108 bytes)
Event: 229851.286 Thread 0x00007fb96c81d000 nmethod 108% 0x0000000103567bd0 code [0x0000000103567d80, 0x00000001035684a8]

GC Heap History (10 events):
Event: 980.659 GC heap before
{Heap before GC invocations=337 (full 10):
 PSYoungGen      total 149312K, used 130802K [0x000000012a620000, 0x0000000134bc0000, 0x00000001350c0000)
  eden space 128640K, 100% used [0x000000012a620000,0x00000001323c0000,0x00000001323c0000)
  from space 20672K, 10% used [0x0000000133790000,0x00000001339acbd0,0x0000000134bc0000)
  to   space 20288K, 0% used [0x00000001323c0000,0x00000001323c0000,0x0000000133790000)
 ParOldGen       total 297152K, used 249490K [0x00000001150c0000, 0x00000001272f0000, 0x000000012a620000)
  object space 297152K, 83% used [0x00000001150c0000,0x0000000124464a98,0x00000001272f0000)
 PSPermGen       total 166464K, used 106859K [0x00000001050c0000, 0x000000010f350000, 0x00000001150c0000)
  object space 166464K, 64% used [0x00000001050c0000,0x000000010b91aca8,0x000000010f350000)
Event: 980.668 GC heap after
Heap after GC invocations=337 (full 10):
 PSYoungGen      total 148928K, used 5793K [0x000000012a620000, 0x0000000134e30000, 0x00000001350c0000)
  eden space 128640K, 0% used [0x000000012a620000,0x000000012a620000,0x00000001323c0000)
  from space 20288K, 28% used [0x00000001323c0000,0x00000001329685d0,0x0000000133790000)
  to   space 19200K, 0% used [0x0000000133b70000,0x0000000133b70000,0x0000000134e30000)
 ParOldGen       total 297152K, used 249490K [0x00000001150c0000, 0x00000001272f0000, 0x000000012a620000)
  object space 297152K, 83% used [0x00000001150c0000,0x0000000124464a98,0x00000001272f0000)
 PSPermGen       total 166464K, used 106859K [0x00000001050c0000, 0x000000010f350000, 0x00000001150c0000)
  object space 166464K, 64% used [0x00000001050c0000,0x000000010b91aca8,0x000000010f350000)
}
Event: 1016.545 GC heap before
{Heap before GC invocations=338 (full 10):
 PSYoungGen      total 148928K, used 134433K [0x000000012a620000, 0x0000000134e30000, 0x00000001350c0000)
  eden space 128640K, 100% used [0x000000012a620000,0x00000001323c0000,0x00000001323c0000)
  from space 20288K, 28% used [0x00000001323c0000,0x00000001329685d0,0x0000000133790000)
  to   space 19200K, 0% used [0x0000000133b70000,0x0000000133b70000,0x0000000134e30000)
 ParOldGen       total 297152K, used 249490K [0x00000001150c0000, 0x00000001272f0000, 0x000000012a620000)
  object space 297152K, 83% used [0x00000001150c0000,0x0000000124464a98,0x00000001272f0000)
 PSPermGen       total 166464K, used 106880K [0x00000001050c0000, 0x000000010f350000, 0x00000001150c0000)
  object space 166464K, 64% used [0x00000001050c0000,0x000000010b920060,0x000000010f350000)
Event: 1016.556 GC heap after
Heap after GC invocations=338 (full 10):
 PSYoungGen      total 149696K, used 7025K [0x000000012a620000, 0x0000000134c10000, 0x00000001350c0000)
  eden space 132672K, 0% used [0x000000012a620000,0x000000012a620000,0x00000001327b0000)
  from space 17024K, 41% used [0x0000000133b70000,0x000000013424c600,0x0000000134c10000)
  to   space 18624K, 0% used [0x00000001327b0000,0x00000001327b0000,0x00000001339e0000)
 ParOldGen       total 297152K, used 249490K [0x00000001150c0000, 0x00000001272f0000, 0x000000012a620000)
  object space 297152K, 83% used [0x00000001150c0000,0x0000000124464a98,0x00000001272f0000)
 PSPermGen       total 166464K, used 106880K [0x00000001050c0000, 0x000000010f350000, 0x00000001150c0000)
  object space 166464K, 64% used [0x00000001050c0000,0x000000010b920060,0x000000010f350000)
}
Event: 229850.815 GC heap before
{Heap before GC invocations=339 (full 10):
 PSYoungGen      total 149696K, used 139697K [0x000000012a620000, 0x0000000134c10000, 0x00000001350c0000)
  eden space 132672K, 100% used [0x000000012a620000,0x00000001327b0000,0x00000001327b0000)
  from space 17024K, 41% used [0x0000000133b70000,0x000000013424c600,0x0000000134c10000)
  to   space 18624K, 0% used [0x00000001327b0000,0x00000001327b0000,0x00000001339e0000)
 ParOldGen       total 297152K, used 249490K [0x00000001150c0000, 0x00000001272f0000, 0x000000012a620000)
  object space 297152K, 83% used [0x00000001150c0000,0x0000000124464a98,0x00000001272f0000)
 PSPermGen       total 166464K, used 106927K [0x00000001050c0000, 0x000000010f350000, 0x00000001150c0000)
  object space 166464K, 64% used [0x00000001050c0000,0x000000010b92bed8,0x000000010f350000)
Event: 229850.826 GC heap after
Heap after GC invocations=339 (full 10):
 PSYoungGen      total 135872K, used 7664K [0x000000012a620000, 0x00000001346f0000, 0x00000001350c0000)
  eden space 128192K, 0% used [0x000000012a620000,0x000000012a620000,0x0000000132350000)
  from space 7680K, 99% used [0x00000001327b0000,0x0000000132f2c3c0,0x0000000132f30000)
  to   space 18240K, 0% used [0x0000000133520000,0x0000000133520000,0x00000001346f0000)
 ParOldGen       total 297152K, used 249490K [0x00000001150c0000, 0x00000001272f0000, 0x000000012a620000)
  object space 297152K, 83% used [0x00000001150c0000,0x0000000124464a98,0x00000001272f0000)
 PSPermGen       total 166464K, used 106927K [0x00000001050c0000, 0x000000010f350000, 0x00000001150c0000)
  object space 166464K, 64% used [0x00000001050c0000,0x000000010b92bed8,0x000000010f350000)
}
Event: 229851.268 GC heap before
{Heap before GC invocations=340 (full 10):
 PSYoungGen      total 135872K, used 135856K [0x000000012a620000, 0x00000001346f0000, 0x00000001350c0000)
  eden space 128192K, 100% used [0x000000012a620000,0x0000000132350000,0x0000000132350000)
  from space 7680K, 99% used [0x00000001327b0000,0x0000000132f2c3c0,0x0000000132f30000)
  to   space 18240K, 0% used [0x0000000133520000,0x0000000133520000,0x00000001346f0000)
 ParOldGen       total 297152K, used 249490K [0x00000001150c0000, 0x00000001272f0000, 0x000000012a620000)
  object space 297152K, 83% used [0x00000001150c0000,0x0000000124464a98,0x00000001272f0000)
 PSPermGen       total 166464K, used 106954K [0x00000001050c0000, 0x000000010f350000, 0x00000001150c0000)
  object space 166464K, 64% used [0x00000001050c0000,0x000000010b932a50,0x000000010f350000)
Event: 229851.279 GC heap after
Heap after GC invocations=340 (full 10):
 PSYoungGen      total 137216K, used 7861K [0x000000012a620000, 0x0000000134220000, 0x00000001350c0000)
  eden space 123904K, 0% used [0x000000012a620000,0x000000012a620000,0x0000000131f20000)
  from space 13312K, 59% used [0x0000000133520000,0x0000000133ccd700,0x0000000134220000)
  to   space 17920K, 0% used [0x0000000131f20000,0x0000000131f20000,0x00000001330a0000)
 ParOldGen       total 297152K, used 249490K [0x00000001150c0000, 0x00000001272f0000, 0x000000012a620000)
  object space 297152K, 83% used [0x00000001150c0000,0x0000000124464a98,0x00000001272f0000)
 PSPermGen       total 166464K, used 106954K [0x00000001050c0000, 0x000000010f350000, 0x00000001150c0000)
  object space 166464K, 64% used [0x00000001050c0000,0x000000010b932a50,0x000000010f350000)
}
Event: 229851.377 GC heap before
{Heap before GC invocations=341 (full 10):
 PSYoungGen      total 137216K, used 131765K [0x000000012a620000, 0x0000000134220000, 0x00000001350c0000)
  eden space 123904K, 100% used [0x000000012a620000,0x0000000131f20000,0x0000000131f20000)
  from space 13312K, 59% used [0x0000000133520000,0x0000000133ccd700,0x0000000134220000)
  to   space 17920K, 0% used [0x0000000131f20000,0x0000000131f20000,0x00000001330a0000)
 ParOldGen       total 297152K, used 249490K [0x00000001150c0000, 0x00000001272f0000, 0x000000012a620000)
  object space 297152K, 83% used [0x00000001150c0000,0x0000000124464a98,0x00000001272f0000)
 PSPermGen       total 166464K, used 106954K [0x00000001050c0000, 0x000000010f350000, 0x00000001150c0000)
  object space 166464K, 64% used [0x00000001050c0000,0x000000010b932a50,0x000000010f350000)
Event: 229851.387 GC heap after
Heap after GC invocations=341 (full 10):
 PSYoungGen      total 141824K, used 7456K [0x000000012a620000, 0x0000000134f40000, 0x00000001350c0000)
  eden space 123904K, 0% used [0x000000012a620000,0x000000012a620000,0x0000000131f20000)
  from space 17920K, 41% used [0x0000000131f20000,0x0000000132668000,0x00000001330a0000)
  to   space 17408K, 0% used [0x0000000133e40000,0x0000000133e40000,0x0000000134f40000)
 ParOldGen       total 297152K, used 249490K [0x00000001150c0000, 0x00000001272f0000, 0x000000012a620000)
  object space 297152K, 83% used [0x00000001150c0000,0x0000000124464a98,0x00000001272f0000)
 PSPermGen       total 166464K, used 106954K [0x00000001050c0000, 0x000000010f350000, 0x00000001150c0000)
  object space 166464K, 64% used [0x00000001050c0000,0x000000010b932a50,0x000000010f350000)
}

Deoptimization events (10 events):
Event: 229850.990 Thread 0x00007fb978cc2000 Uncommon trap -12 fr.pc 0x0000000103513274
Event: 229850.990 Thread 0x00007fb978cc2000 Uncommon trap -12 fr.pc 0x0000000103345030
Event: 229850.990 Thread 0x00007fb978cc2000 Uncommon trap -12 fr.pc 0x00000001030064fc
Event: 229850.990 Thread 0x00007fb978cc2000 Uncommon trap -83 fr.pc 0x000000010332b01c
Event: 229851.043 Thread 0x00007fb978cc2000 Uncommon trap -12 fr.pc 0x000000010319342c
Event: 229851.120 Thread 0x00007fb978cc2000 Uncommon trap -83 fr.pc 0x00000001025fa624
Event: 229851.158 Thread 0x00007fb978cc2000 Uncommon trap -34 fr.pc 0x0000000102d87f8c
Event: 229851.158 Thread 0x00007fb978cc2000 Uncommon trap -34 fr.pc 0x0000000102d87f8c
Event: 229851.158 Thread 0x00007fb978cc2000 Uncommon trap -34 fr.pc 0x0000000102d87f8c
Event: 229851.158 Thread 0x00007fb978cc2000 Uncommon trap -34 fr.pc 0x0000000102d87f8c

Internal exceptions (10 events):
Event: 229851.214 Thread 0x00007fb978cc2000 Threw 0x000000012f6664e0 at /HUDSON/workspace/jdk7u9-2-build-macosx-amd64-product/jdk7u9/hotspot/src/share/vm/prims/jni.cpp:716
Event: 229851.214 Thread 0x00007fb978cc2000 Threw 0x000000012f666760 at /HUDSON/workspace/jdk7u9-2-build-macosx-amd64-product/jdk7u9/hotspot/src/share/vm/prims/jni.cpp:716
Event: 229851.220 Thread 0x00007fb978cc2000 Threw 0x000000012f6a0ee0 at /HUDSON/workspace/jdk7u9-2-build-macosx-amd64-product/jdk7u9/hotspot/src/share/vm/prims/jvm.cpp:1166
Event: 229851.221 Thread 0x00007fb978cc2000 Threw 0x000000012f6aebd0 at /HUDSON/workspace/jdk7u9-2-build-macosx-amd64-product/jdk7u9/hotspot/src/share/vm/prims/jvm.cpp:1166
Event: 229851.222 Thread 0x00007fb978cc2000 Threw 0x000000012f6b63e8 at /HUDSON/workspace/jdk7u9-2-build-macosx-amd64-product/jdk7u9/hotspot/src/share/vm/prims/jni.cpp:716
Event: 229851.222 Thread 0x00007fb978cc2000 Threw 0x000000012f6b6598 at /HUDSON/workspace/jdk7u9-2-build-macosx-amd64-product/jdk7u9/hotspot/src/share/vm/prims/jni.cpp:716
Event: 229851.222 Thread 0x00007fb978cc2000 Threw 0x000000012f6b6718 at /HUDSON/workspace/jdk7u9-2-build-macosx-amd64-product/jdk7u9/hotspot/src/share/vm/prims/jni.cpp:716
Event: 229851.432 Thread 0x00007fb978cc2000 Threw 0x000000012ef40780 at /HUDSON/workspace/jdk7u9-2-build-macosx-amd64-product/jdk7u9/hotspot/src/share/vm/prims/jni.cpp:716
Event: 229851.432 Thread 0x00007fb978cc2000 Threw 0x000000012ef40a30 at /HUDSON/workspace/jdk7u9-2-build-macosx-amd64-product/jdk7u9/hotspot/src/share/vm/prims/jni.cpp:716
Event: 229851.432 Thread 0x00007fb978cc2000 Threw 0x000000012ef40cb0 at /HUDSON/workspace/jdk7u9-2-build-macosx-amd64-product/jdk7u9/hotspot/src/share/vm/prims/jni.cpp:716

Events (10 events):
Event: 229851.458 loading class 0x00007fb96e4446a0
Event: 229851.458 loading class 0x00007fb96e4446a0 done
Event: 229851.458 Thread 0x00007fb978cc2000 DEOPT PACKING pc=0x00000001027e643c sp=0x000000013f50f5b0
Event: 229851.458 Thread 0x00007fb978cc2000 DEOPT UNPACKING pc=0x000000010201cf0f sp=0x000000013f50f1e8 mode 1
Event: 229851.458 loading class 0x00007fb96e4446a0
Event: 229851.458 loading class 0x00007fb96e4446a0 done
Event: 229851.458 Thread 0x00007fb978cc2000 DEOPT PACKING pc=0x00000001027e643c sp=0x000000013f50f390
Event: 229851.458 Thread 0x00007fb978cc2000 DEOPT UNPACKING pc=0x000000010201cf0f sp=0x000000013f50efc8 mode 1
Event: 229851.458 Executing VM operation: RevokeBias
Event: 229851.458 Executing VM operation: RevokeBias done


Dynamic libraries:
0x0000000001bb1000 	/System/Library/Frameworks/Cocoa.framework/Versions/A/Cocoa
0x0000000001bb1000 	/System/Library/Frameworks/Security.framework/Versions/A/Security
0x0000000001bb1000 	/System/Library/Frameworks/ApplicationServices.framework/Versions/A/ApplicationServices
0x0000000001bb1000 	/usr/lib/libz.1.dylib
0x0000000001bb1000 	/usr/lib/libSystem.B.dylib
0x0000000001bb1000 	/usr/lib/libobjc.A.dylib
0x0000000001bb1000 	/System/Library/Frameworks/CoreFoundation.framework/Versions/A/CoreFoundation
0x0000000001bb1000 	/System/Library/Frameworks/AppKit.framework/Versions/C/AppKit
0x0000000001bb1000 	/System/Library/Frameworks/CoreData.framework/Versions/A/CoreData
0x0000000001bb1000 	/System/Library/Frameworks/Foundation.framework/Versions/C/Foundation
0x0000000001bb1000 	/System/Library/PrivateFrameworks/RemoteViewServices.framework/Versions/A/RemoteViewServices
0x0000000001bb1000 	/System/Library/Frameworks/AudioToolbox.framework/Versions/A/AudioToolbox
0x0000000001bb1000 	/System/Library/Frameworks/AudioUnit.framework/Versions/A/AudioUnit
0x0000000001bb1000 	/System/Library/PrivateFrameworks/DataDetectorsCore.framework/Versions/A/DataDetectorsCore
0x0000000001bb1000 	/System/Library/PrivateFrameworks/DesktopServicesPriv.framework/Versions/A/DesktopServicesPriv
0x0000000001bb1000 	/System/Library/Frameworks/Carbon.framework/Versions/A/Frameworks/HIToolbox.framework/Versions/A/HIToolbox
0x0000000001bb1000 	/System/Library/Frameworks/QuartzCore.framework/Versions/A/QuartzCore
0x0000000001bb1000 	/System/Library/Frameworks/Carbon.framework/Versions/A/Frameworks/SpeechRecognition.framework/Versions/A/SpeechRecognition
0x0000000001bb1000 	/usr/lib/libauto.dylib
0x0000000001bb1000 	/usr/lib/libicucore.A.dylib
0x0000000001bb1000 	/usr/lib/libxml2.2.dylib
0x0000000001bb1000 	/System/Library/PrivateFrameworks/CoreUI.framework/Versions/A/CoreUI
0x0000000001bb1000 	/System/Library/Frameworks/CoreAudio.framework/Versions/A/CoreAudio
0x0000000001bb1000 	/System/Library/Frameworks/DiskArbitration.framework/Versions/A/DiskArbitration
0x0000000001bb1000 	/usr/lib/liblangid.dylib
0x0000000001bb1000 	/System/Library/PrivateFrameworks/MultitouchSupport.framework/Versions/A/MultitouchSupport
0x0000000001bb1000 	/System/Library/Frameworks/IOKit.framework/Versions/A/IOKit
0x0000000001bb1000 	/usr/lib/libDiagnosticMessagesClient.dylib
0x0000000001bb1000 	/System/Library/Frameworks/CoreServices.framework/Versions/A/CoreServices
0x0000000001bb1000 	/System/Library/PrivateFrameworks/PerformanceAnalysis.framework/Versions/A/PerformanceAnalysis
0x0000000001bb1000 	/System/Library/PrivateFrameworks/GenerationalStorage.framework/Versions/A/GenerationalStorage
0x0000000001bb1000 	/System/Library/Frameworks/OpenGL.framework/Versions/A/OpenGL
0x0000000001bb1000 	/System/Library/PrivateFrameworks/Sharing.framework/Versions/A/Sharing
0x0000000001bb1000 	/System/Library/Frameworks/ImageIO.framework/Versions/A/ImageIO
0x0000000001bb1000 	/System/Library/Frameworks/CoreText.framework/Versions/A/CoreText
0x0000000001bb1000 	/System/Library/Frameworks/CoreGraphics.framework/Versions/A/CoreGraphics
0x0000000001bb1000 	/System/Library/PrivateFrameworks/Backup.framework/Versions/A/Backup
0x0000000001bb1000 	/System/Library/Frameworks/CFNetwork.framework/Versions/A/CFNetwork
0x0000000001bb1000 	/System/Library/Frameworks/SystemConfiguration.framework/Versions/A/SystemConfiguration
0x0000000001bb1000 	/usr/lib/libCRFSuite.dylib
0x0000000001bb1000 	/usr/lib/libc++.1.dylib
0x0000000001bb1000 	/usr/lib/libc++abi.dylib
0x0000000001bb1000 	/usr/lib/system/libcache.dylib
0x0000000001bb1000 	/usr/lib/system/libcommonCrypto.dylib
0x0000000001bb1000 	/usr/lib/system/libcompiler_rt.dylib
0x0000000001bb1000 	/usr/lib/system/libcopyfile.dylib
0x0000000001bb1000 	/usr/lib/system/libcorecrypto.dylib
0x0000000001bb1000 	/usr/lib/system/libdispatch.dylib
0x0000000001bb1000 	/usr/lib/system/libdyld.dylib
0x0000000001bb1000 	/usr/lib/system/libkeymgr.dylib
0x0000000001bb1000 	/usr/lib/system/liblaunch.dylib
0x0000000001bb1000 	/usr/lib/system/libmacho.dylib
0x0000000001bb1000 	/usr/lib/system/libquarantine.dylib
0x0000000001bb1000 	/usr/lib/system/libremovefile.dylib
0x0000000001bb1000 	/usr/lib/system/libsystem_asl.dylib
0x0000000001bb1000 	/usr/lib/system/libsystem_blocks.dylib
0x0000000001bb1000 	/usr/lib/system/libsystem_c.dylib
0x0000000001bb1000 	/usr/lib/system/libsystem_configuration.dylib
0x0000000001bb1000 	/usr/lib/system/libsystem_dnssd.dylib
0x0000000001bb1000 	/usr/lib/system/libsystem_info.dylib
0x0000000001bb1000 	/usr/lib/system/libsystem_kernel.dylib
0x0000000001bb1000 	/usr/lib/system/libsystem_m.dylib
0x0000000001bb1000 	/usr/lib/system/libsystem_malloc.dylib
0x0000000001bb1000 	/usr/lib/system/libsystem_network.dylib
0x0000000001bb1000 	/usr/lib/system/libsystem_notify.dylib
0x0000000001bb1000 	/usr/lib/system/libsystem_platform.dylib
0x0000000001bb1000 	/usr/lib/system/libsystem_pthread.dylib
0x0000000001bb1000 	/usr/lib/system/libsystem_sandbox.dylib
0x0000000001bb1000 	/usr/lib/system/libsystem_stats.dylib
0x0000000001bb1000 	/usr/lib/system/libunc.dylib
0x0000000001bb1000 	/usr/lib/system/libunwind.dylib
0x0000000001bb1000 	/usr/lib/system/libxpc.dylib
0x0000000001bb1000 	/usr/lib/libbsm.0.dylib
0x0000000001bb1000 	/usr/lib/libsqlite3.dylib
0x0000000001bb1000 	/usr/lib/libxar.1.dylib
0x0000000001bb1000 	/usr/lib/libpam.2.dylib
0x0000000001bb1000 	/usr/lib/libOpenScriptingUtil.dylib
0x0000000001bb1000 	/usr/lib/libbz2.1.0.dylib
0x0000000001bb1000 	/System/Library/Frameworks/CoreServices.framework/Versions/A/Frameworks/CarbonCore.framework/Versions/A/CarbonCore
0x0000000001bb1000 	/System/Library/Frameworks/CoreServices.framework/Versions/A/Frameworks/Metadata.framework/Versions/A/Metadata
0x0000000001bb1000 	/System/Library/Frameworks/CoreServices.framework/Versions/A/Frameworks/OSServices.framework/Versions/A/OSServices
0x0000000001bb1000 	/System/Library/Frameworks/CoreServices.framework/Versions/A/Frameworks/SearchKit.framework/Versions/A/SearchKit
0x0000000001bb1000 	/System/Library/Frameworks/CoreServices.framework/Versions/A/Frameworks/AE.framework/Versions/A/AE
0x0000000001bb1000 	/System/Library/Frameworks/CoreServices.framework/Versions/A/Frameworks/LaunchServices.framework/Versions/A/LaunchServices
0x0000000001bb1000 	/System/Library/Frameworks/CoreServices.framework/Versions/A/Frameworks/DictionaryServices.framework/Versions/A/DictionaryServices
0x0000000001bb1000 	/System/Library/Frameworks/NetFS.framework/Versions/A/NetFS
0x0000000001bb1000 	/usr/lib/system/libkxld.dylib
0x0000000001bb1000 	/System/Library/PrivateFrameworks/NetAuth.framework/Versions/A/NetAuth
0x0000000001bb1000 	/System/Library/PrivateFrameworks/TCC.framework/Versions/A/TCC
0x0000000001bb1000 	/System/Library/Frameworks/OpenDirectory.framework/Versions/A/Frameworks/CFOpenDirectory.framework/Versions/A/CFOpenDirectory
0x0000000001bb1000 	/System/Library/Frameworks/ServiceManagement.framework/Versions/A/ServiceManagement
0x0000000001bb1000 	/usr/lib/libxslt.1.dylib
0x0000000001bb1000 	/System/Library/Frameworks/Carbon.framework/Versions/A/Frameworks/Ink.framework/Versions/A/Ink
0x0000000001bb1000 	/System/Library/Frameworks/ApplicationServices.framework/Versions/A/Frameworks/ATS.framework/Versions/A/ATS
0x0000000001bb1000 	/System/Library/Frameworks/ApplicationServices.framework/Versions/A/Frameworks/ColorSync.framework/Versions/A/ColorSync
0x0000000001bb1000 	/System/Library/Frameworks/ApplicationServices.framework/Versions/A/Frameworks/HIServices.framework/Versions/A/HIServices
0x0000000001bb1000 	/System/Library/Frameworks/ApplicationServices.framework/Versions/A/Frameworks/LangAnalysis.framework/Versions/A/LangAnalysis
0x0000000001bb1000 	/System/Library/Frameworks/ApplicationServices.framework/Versions/A/Frameworks/PrintCore.framework/Versions/A/PrintCore
0x0000000001bb1000 	/System/Library/Frameworks/ApplicationServices.framework/Versions/A/Frameworks/QD.framework/Versions/A/QD
0x0000000001bb1000 	/System/Library/Frameworks/ApplicationServices.framework/Versions/A/Frameworks/SpeechSynthesis.framework/Versions/A/SpeechSynthesis
0x0000000001bb1000 	/System/Library/Frameworks/IOSurface.framework/Versions/A/IOSurface
0x0000000001bb1000 	/System/Library/Frameworks/Accelerate.framework/Versions/A/Accelerate
0x0000000001bb1000 	/System/Library/Frameworks/Accelerate.framework/Versions/A/Frameworks/vImage.framework/Versions/A/vImage
0x0000000001bb1000 	/System/Library/Frameworks/Accelerate.framework/Versions/A/Frameworks/vecLib.framework/Versions/A/vecLib
0x0000000001bb1000 	/System/Library/Frameworks/Accelerate.framework/Versions/A/Frameworks/vecLib.framework/Versions/A/libvDSP.dylib
0x0000000001bb1000 	/System/Library/Frameworks/Accelerate.framework/Versions/A/Frameworks/vecLib.framework/Versions/A/libvMisc.dylib
0x0000000001bb1000 	/System/Library/Frameworks/Accelerate.framework/Versions/A/Frameworks/vecLib.framework/Versions/A/libLAPACK.dylib
0x0000000001bb1000 	/System/Library/Frameworks/Accelerate.framework/Versions/A/Frameworks/vecLib.framework/Versions/A/libBLAS.dylib
0x0000000001bb1000 	/System/Library/Frameworks/ApplicationServices.framework/Versions/A/Frameworks/ATS.framework/Versions/A/Resources/libFontParser.dylib
0x0000000001bb1000 	/System/Library/Frameworks/ApplicationServices.framework/Versions/A/Frameworks/ATS.framework/Versions/A/Resources/libFontRegistry.dylib
0x0000000001bb1000 	/System/Library/Frameworks/ImageIO.framework/Versions/A/Resources/libJPEG.dylib
0x0000000001bb1000 	/System/Library/Frameworks/ImageIO.framework/Versions/A/Resources/libTIFF.dylib
0x0000000001bb1000 	/System/Library/Frameworks/ImageIO.framework/Versions/A/Resources/libPng.dylib
0x0000000001bb1000 	/System/Library/Frameworks/ImageIO.framework/Versions/A/Resources/libGIF.dylib
0x0000000001bb1000 	/System/Library/Frameworks/ImageIO.framework/Versions/A/Resources/libJP2.dylib
0x0000000001bb1000 	/System/Library/Frameworks/ImageIO.framework/Versions/A/Resources/libRadiance.dylib
0x0000000001bb1000 	/usr/lib/libcups.2.dylib
0x0000000001bb1000 	/System/Library/Frameworks/Kerberos.framework/Versions/A/Kerberos
0x0000000001bb1000 	/System/Library/Frameworks/GSS.framework/Versions/A/GSS
0x0000000001bb1000 	/usr/lib/libresolv.9.dylib
0x0000000001bb1000 	/usr/lib/libiconv.2.dylib
0x0000000001bb1000 	/System/Library/PrivateFrameworks/Heimdal.framework/Versions/A/Heimdal
0x0000000001bb1000 	/System/Library/PrivateFrameworks/TrustEvaluationAgent.framework/Versions/A/TrustEvaluationAgent
0x0000000001bb1000 	/usr/lib/libheimdal-asn1.dylib
0x0000000001bb1000 	/System/Library/Frameworks/OpenDirectory.framework/Versions/A/OpenDirectory
0x0000000001bb1000 	/System/Library/PrivateFrameworks/CommonAuth.framework/Versions/A/CommonAuth
0x0000000001bb1000 	/System/Library/Frameworks/SecurityFoundation.framework/Versions/A/SecurityFoundation
0x0000000001bb1000 	/System/Library/PrivateFrameworks/Bom.framework/Versions/A/Bom
0x0000000001bb1000 	/System/Library/Frameworks/CoreVideo.framework/Versions/A/CoreVideo
0x0000000001bb1000 	/System/Library/Frameworks/QuartzCore.framework/Versions/A/Frameworks/CoreImage.framework/Versions/A/CoreImage
0x0000000001bb1000 	/System/Library/Frameworks/QuartzCore.framework/Versions/A/Frameworks/ScalableUserInterface.framework/Versions/A/ScalableUserInterface
0x0000000001bb1000 	/System/Library/Frameworks/OpenGL.framework/Versions/A/Libraries/libGLU.dylib
0x0000000001bb1000 	/System/Library/Frameworks/OpenGL.framework/Versions/A/Libraries/libGFXShared.dylib
0x0000000001bb1000 	/System/Library/Frameworks/OpenGL.framework/Versions/A/Libraries/libGL.dylib
0x0000000001bb1000 	/System/Library/Frameworks/OpenGL.framework/Versions/A/Libraries/libGLImage.dylib
0x0000000001bb1000 	/System/Library/Frameworks/OpenGL.framework/Versions/A/Libraries/libCVMSPluginSupport.dylib
0x0000000001bb1000 	/System/Library/Frameworks/OpenGL.framework/Versions/A/Libraries/libCoreVMClient.dylib
0x0000000001bb1000 	/System/Library/PrivateFrameworks/FaceCore.framework/Versions/A/FaceCore
0x0000000001bb1000 	/System/Library/PrivateFrameworks/CrashReporterSupport.framework/Versions/A/CrashReporterSupport
0x0000000001bb1000 	/System/Library/Frameworks/OpenCL.framework/Versions/A/OpenCL
0x0000000001bb1000 	/System/Library/PrivateFrameworks/AppleFSCompression.framework/Versions/A/AppleFSCompression
0x0000000001bb1000 	/System/Library/PrivateFrameworks/Ubiquity.framework/Versions/A/Ubiquity
0x0000000001bb1000 	/System/Library/PrivateFrameworks/IconServices.framework/Versions/A/IconServices
0x0000000001bb1000 	/System/Library/PrivateFrameworks/ChunkingLibrary.framework/Versions/A/ChunkingLibrary
0x0000000001bb1000 	/System/Library/PrivateFrameworks/CoreSymbolication.framework/Versions/A/CoreSymbolication
0x0000000001bb1000 	/System/Library/PrivateFrameworks/Symbolication.framework/Versions/A/Symbolication
0x0000000001bb1000 	/System/Library/PrivateFrameworks/DebugSymbols.framework/Versions/A/DebugSymbols
0x0000000101400000 	/Library/Java/JavaVirtualMachines/jdk1.7.0_09.jdk/Contents/Home/jre/lib/server/libjvm.dylib
0x0000000001bb1000 	/usr/lib/libstdc++.6.dylib
0x0000000100358000 	/Library/Java/JavaVirtualMachines/jdk1.7.0_09.jdk/Contents/Home/jre/lib/libverify.dylib
0x0000000100365000 	/Library/Java/JavaVirtualMachines/jdk1.7.0_09.jdk/Contents/Home/jre/lib/libjava.dylib
0x0000000100396000 	/Library/Java/JavaVirtualMachines/jdk1.7.0_09.jdk/Contents/Home/jre/lib/libjdwp.dylib
0x00000001003d3000 	/Library/Java/JavaVirtualMachines/jdk1.7.0_09.jdk/Contents/Home/jre/lib/libinstrument.dylib
0x00000001003f3000 	/Library/Java/JavaVirtualMachines/jdk1.7.0_09.jdk/Contents/Home/jre/lib/./libnpt.dylib
0x0000000101fdb000 	/Library/Java/JavaVirtualMachines/jdk1.7.0_09.jdk/Contents/Home/jre/lib/libzip.dylib
0x0000000139b87000 	/System/Library/Frameworks/JavaVM.framework/Frameworks/JavaRuntimeSupport.framework/JavaRuntimeSupport
0x0000000139b9f000 	/System/Library/Frameworks/JavaVM.framework/Versions/A/Frameworks/JavaNativeFoundation.framework/Versions/A/JavaNativeFoundation
0x0000000139bb4000 	/System/Library/Frameworks/JavaVM.framework/Versions/A/JavaVM
0x0000000001bb1000 	/System/Library/Frameworks/Carbon.framework/Versions/A/Carbon
0x00000001050a4000 	/System/Library/PrivateFrameworks/JavaLaunching.framework/Versions/A/JavaLaunching
0x0000000001bb1000 	/System/Library/Frameworks/Carbon.framework/Versions/A/Frameworks/CommonPanels.framework/Versions/A/CommonPanels
0x0000000001bb1000 	/System/Library/Frameworks/Carbon.framework/Versions/A/Frameworks/Help.framework/Versions/A/Help
0x0000000001bb1000 	/System/Library/Frameworks/Carbon.framework/Versions/A/Frameworks/ImageCapture.framework/Versions/A/ImageCapture
0x0000000001bb1000 	/System/Library/Frameworks/Carbon.framework/Versions/A/Frameworks/OpenScripting.framework/Versions/A/OpenScripting
0x0000000001bb1000 	/System/Library/Frameworks/Carbon.framework/Versions/A/Frameworks/Print.framework/Versions/A/Print
0x0000000001bb1000 	/System/Library/Frameworks/Carbon.framework/Versions/A/Frameworks/SecurityHI.framework/Versions/A/SecurityHI
0x0000000139e2e000 	/Library/Java/JavaVirtualMachines/jdk1.7.0_09.jdk/Contents/Home/jre/lib/libsunec.dylib
0x0000000139f4b000 	/Library/Java/JavaVirtualMachines/jdk1.7.0_09.jdk/Contents/Home/jre/lib/libnet.dylib
0x000000013a3b4000 	/Library/Java/JavaVirtualMachines/jdk1.7.0_09.jdk/Contents/Home/jre/lib/libnio.dylib
0x000000013a4c6000 	/Library/Java/JavaVirtualMachines/jdk1.7.0_09.jdk/Contents/Home/jre/lib/libmanagement.dylib
0x000000013a8da000 	/Library/Java/JavaVirtualMachines/jdk1.7.0_09.jdk/Contents/Home/jre/lib/libdt_socket.dylib

VM Arguments:
jvm_args: -XX:MaxPermSize=256M -Xmx512M -Xdebug -Xrunjdwp:transport=dt_socket,address=8001,server=y,suspend=n -Drebel.root=/Users/phillipverheyden/broadleaf -Dlogs.dir=${logs.dir} -Xverify:none -javaagent:/usr/lib/jrebel/jrebel.jar -javaagent:/Users/phillipverheyden/spring-instrument/spring-instrument-3.2.2.RELEASE.jar -Druntime.environment=development -Dclassworlds.conf=/usr/share/maven/bin/m2.conf -Dmaven.home=/usr/share/maven 
java_command: org.codehaus.classworlds.Launcher compile war:exploded jetty:run -B
Launcher Type: SUN_STANDARD

Environment Variables:
JAVA_HOME=/Library/Java/JavaVirtualMachines/jdk1.7.0_09.jdk/Contents/Home
PATH=/Users/phillipverheyden/.rbenv/shims:/usr/local/share/python:/opt/local/bin:/opt/local/sbin:/usr/local/coreutils:/Users/phillipverheyden/.dotfiles/bin:/Users/phillipverheyden/.dotfiles/bin/private:/usr/local/bin:/usr/local/sbin:storm:/usr/bin:/bin:/usr/sbin:/sbin:/usr/local/bin:/usr/local/foreman/bin:/usr/local/heroku/bin:/usr/local/grails/bin:/usr/local/mysql/bin:/usr/local/git/bin:/opt/subversion/bin:/usr/X11/bin:/Users/phillipverheyden/.rvm/bin
SHELL=/bin/zsh

Signal Handlers:
SIGSEGV: [libjvm.dylib+0x4a3a1d], sa_mask[0]=0xfffefeff, sa_flags=0x00000042
SIGBUS: [libjvm.dylib+0x4a3a1d], sa_mask[0]=0xfffefeff, sa_flags=0x00000042
SIGFPE: [libjvm.dylib+0x3b3431], sa_mask[0]=0xfffefeff, sa_flags=0x00000042
SIGPIPE: [libjvm.dylib+0x3b3431], sa_mask[0]=0xfffefeff, sa_flags=0x00000042
SIGXFSZ: [libjvm.dylib+0x3b3431], sa_mask[0]=0xfffefeff, sa_flags=0x00000042
SIGILL: [libjvm.dylib+0x3b3431], sa_mask[0]=0xfffefeff, sa_flags=0x00000042
SIGUSR1: SIG_DFL, sa_mask[0]=0x00000000, sa_flags=0x00000002
SIGUSR2: [libjvm.dylib+0x3b2fca], sa_mask[0]=0x00000004, sa_flags=0x00000042
SIGHUP: [libjvm.dylib+0x3b122b], sa_mask[0]=0xfffefeff, sa_flags=0x00000042
SIGINT: [libjvm.dylib+0x3b122b], sa_mask[0]=0xfffefeff, sa_flags=0x00000042
SIGTERM: [libjvm.dylib+0x3b122b], sa_mask[0]=0xfffefeff, sa_flags=0x00000042
SIGQUIT: [libjvm.dylib+0x3b122b], sa_mask[0]=0xfffefeff, sa_flags=0x00000042


---------------  S Y S T E M  ---------------

OS:Bsduname:Darwin 13.1.0 Darwin Kernel Version 13.1.0: Thu Jan 16 19:40:37 PST 2014; root:xnu-2422.90.20~2/RELEASE_X86_64 x86_64
rlimit: STACK 8192k, CORE 0k, NPROC 709, NOFILE 10240, AS infinity
load average:2.98 4.84 8.15

CPU:total 8 (4 cores per cpu, 2 threads per core) family 6 model 42 stepping 7, cmov, cx8, fxsr, mmx, sse, sse2, sse3, ssse3, sse4.1, sse4.2, popcnt, avx, ht, tsc, tscinvbit

Memory: 4k page, physical 3533056k(883264k free)

/proc/meminfo:


vm_info: Java HotSpot(TM) 64-Bit Server VM (23.5-b02) for bsd-amd64 JRE (1.7.0_09-b05), built on Sep 24 2012 21:39:08 by "java_re" with gcc 4.2.1 (Based on Apple Inc. build 5658) (LLVM build 2336.9.00)

time: Mon Apr  7 08:51:47 2014
elapsed time: 229851 seconds

